<?xml version="1.0" encoding="UTF-8"?>
<!-- Generated by org.testng.reporters.JUnitXMLReporter -->
<testsuite ignored="0" hostname="DESKTOP-7JU0NPK" failures="0" tests="3" name="ParameterTest" time="0.093" errors="0" timestamp="2025-02-26T16:10:40 IST">
  <testcase classname="TestNG.ParameterTestNG" name="test1" time="0.018"/>
  <testcase classname="TestNG.ParameterTestNG" name="test2" time="0.004"/>
  <testcase classname="TestNG.ParameterTestNG" name="test3" time="0.002"/>
</testsuite> <!-- ParameterTest -->
