<?xml version="1.0" encoding="UTF-8"?>
<!-- Generated by org.testng.reporters.JUnitXMLReporter -->
<testsuite ignored="6" hostname="DESKTOP-7JU0NPK" failures="0" tests="2" name="Regression" time="0.158" errors="0" timestamp="2025-02-26T14:49:05 IST">
  <testcase classname="TestNG.group" name="group3" time="0.04"/>
  <testcase classname="TestNG.group1" name="group7" time="0.003"/>
  <testcase classname="TestNG.group1" name="group8" time="0.0">
    <ignored/>
  </testcase> <!-- group8 -->
  <testcase classname="TestNG.group" name="group" time="0.0">
    <ignored/>
  </testcase> <!-- group -->
  <testcase classname="TestNG.group" name="group2" time="0.0">
    <ignored/>
  </testcase> <!-- group2 -->
  <testcase classname="TestNG.group1" name="group6" time="0.0">
    <ignored/>
  </testcase> <!-- group6 -->
  <testcase classname="TestNG.group1" name="group5" time="0.0">
    <ignored/>
  </testcase> <!-- group5 -->
  <testcase classname="TestNG.group" name="group4" time="0.0">
    <ignored/>
  </testcase> <!-- group4 -->
</testsuite> <!-- Regression -->
