<?xml version="1.0" encoding="UTF-8"?>
<!-- Generated by org.testng.reporters.JUnitXMLReporter -->
<testsuite ignored="0" hostname="DESKTOP-7JU0NPK" failures="0" tests="5" name="Test" time="0.243" errors="0" timestamp="2025-02-26T18:39:56 IST">
  <testcase classname="TestNG.DataProviderTest" name="test1" time="0.026"/>
  <testcase classname="TestNG.DataProviderTest" name="test1" time="0.009"/>
  <testcase classname="TestNG.DataProviderTest" name="test1" time="0.014"/>
  <testcase classname="TestNG.DataProviderTest" name="test2" time="0.008"/>
  <testcase classname="TestNG.DataProviderTest" name="test3" time="0.007"/>
</testsuite> <!-- Test -->
