<?xml version="1.0" encoding="UTF-8"?>
<testng-results ignored="4" total="6" passed="2" failed="0" skipped="0">
  <reporter-output>
    <line>
      <![CDATA[Creating Organization: instragram_4469]]>
    </line>
    <line>
      <![CDATA[Verified organization: [ ACC21083 ] instragram_4469 - Organization Information]]>
    </line>
  </reporter-output>
  <suite started-at="2025-06-09T12:49:32 IST" name="Suite" finished-at="2025-06-09T12:49:57 IST" duration-ms="25682">
    <groups>
      <group name="smokeTest">
        <method signature="CreateContactTest.createContactTest()[pri:0, instance:com.comcast.crm.contacttest.CreateContactTest@77f80c04]" name="createContactTest" class="com.comcast.crm.contacttest.CreateContactTest"/>
        <method signature="CreateOrganizationTest.createOrganizationTest()[pri:0, instance:com.comcast.crm.orgtest.CreateOrganizationTest@2d2ffcb7]" name="createOrganizationTest" class="com.comcast.crm.orgtest.CreateOrganizationTest"/>
      </group> <!-- smokeTest -->
    </groups>
    <test started-at="2025-06-09T12:49:32 IST" name="Test" finished-at="2025-06-09T12:49:57 IST" duration-ms="25682">
      <class name="com.comcast.crm.orgtest.CreateOrganizationTest">
        <test-method is-config="true" signature="configBC()[pri:0, instance:com.comcast.crm.orgtest.CreateOrganizationTest@2d2ffcb7]" started-at="2025-06-09T12:49:45 IST" name="configBC" finished-at="2025-06-09T12:49:47 IST" duration-ms="1837" status="PASS">
          <reporter-output>
          </reporter-output>
        </test-method> <!-- configBC -->
        <test-method is-config="true" signature="configBM()[pri:0, instance:com.comcast.crm.orgtest.CreateOrganizationTest@2d2ffcb7]" started-at="2025-06-09T12:49:47 IST" name="configBM" finished-at="2025-06-09T12:49:51 IST" duration-ms="3630" status="PASS">
          <reporter-output>
          </reporter-output>
        </test-method> <!-- configBM -->
        <test-method signature="createOrganizationTest()[pri:0, instance:com.comcast.crm.orgtest.CreateOrganizationTest@2d2ffcb7]" started-at="2025-06-09T12:49:51 IST" name="createOrganizationTest" finished-at="2025-06-09T12:49:56 IST" duration-ms="5121" status="PASS">
          <reporter-output>
            <line>
              <![CDATA[Creating Organization: instragram_4469]]>
            </line>
            <line>
              <![CDATA[Verified organization: [ ACC21083 ] instragram_4469 - Organization Information]]>
            </line>
          </reporter-output>
        </test-method> <!-- createOrganizationTest -->
        <test-method is-config="true" signature="configAM()[pri:0, instance:com.comcast.crm.orgtest.CreateOrganizationTest@2d2ffcb7]" started-at="2025-06-09T12:49:56 IST" name="configAM" finished-at="2025-06-09T12:49:57 IST" duration-ms="896" status="PASS">
          <reporter-output>
          </reporter-output>
        </test-method> <!-- configAM -->
        <test-method is-config="true" signature="configAC()[pri:0, instance:com.comcast.crm.orgtest.CreateOrganizationTest@2d2ffcb7]" started-at="2025-06-09T12:49:57 IST" name="configAC" finished-at="2025-06-09T12:49:57 IST" duration-ms="448" status="PASS">
          <reporter-output>
          </reporter-output>
        </test-method> <!-- configAC -->
      </class> <!-- com.comcast.crm.orgtest.CreateOrganizationTest -->
      <class name="com.comcast.crm.contacttest.CreateContactTest">
        <test-method is-config="true" signature="configBS()[pri:0, instance:com.comcast.crm.contacttest.CreateContactTest@77f80c04]" started-at="2025-06-09T12:49:32 IST" name="configBS" finished-at="2025-06-09T12:49:32 IST" duration-ms="63" status="PASS">
          <reporter-output>
          </reporter-output>
        </test-method> <!-- configBS -->
        <test-method is-config="true" signature="configBC()[pri:0, instance:com.comcast.crm.contacttest.CreateContactTest@77f80c04]" started-at="2025-06-09T12:49:32 IST" name="configBC" finished-at="2025-06-09T12:49:35 IST" duration-ms="3256" status="PASS">
          <reporter-output>
          </reporter-output>
        </test-method> <!-- configBC -->
        <test-method is-config="true" signature="configBM()[pri:0, instance:com.comcast.crm.contacttest.CreateContactTest@77f80c04]" started-at="2025-06-09T12:49:35 IST" name="configBM" finished-at="2025-06-09T12:49:38 IST" duration-ms="3114" status="PASS">
          <reporter-output>
          </reporter-output>
        </test-method> <!-- configBM -->
        <test-method signature="createContactTest()[pri:0, instance:com.comcast.crm.contacttest.CreateContactTest@77f80c04]" started-at="2025-06-09T12:49:38 IST" name="createContactTest" finished-at="2025-06-09T12:49:44 IST" duration-ms="5913" status="PASS">
          <reporter-output>
          </reporter-output>
        </test-method> <!-- createContactTest -->
        <test-method is-config="true" signature="configAM()[pri:0, instance:com.comcast.crm.contacttest.CreateContactTest@77f80c04]" started-at="2025-06-09T12:49:44 IST" name="configAM" finished-at="2025-06-09T12:49:45 IST" duration-ms="967" status="PASS">
          <reporter-output>
          </reporter-output>
        </test-method> <!-- configAM -->
        <test-method is-config="true" signature="configAC()[pri:0, instance:com.comcast.crm.contacttest.CreateContactTest@77f80c04]" started-at="2025-06-09T12:49:45 IST" name="configAC" finished-at="2025-06-09T12:49:45 IST" duration-ms="389" status="PASS">
          <reporter-output>
          </reporter-output>
        </test-method> <!-- configAC -->
        <test-method is-config="true" signature="configAS()[pri:0, instance:com.comcast.crm.contacttest.CreateContactTest@77f80c04]" started-at="2025-06-09T12:49:57 IST" name="configAS" finished-at="2025-06-09T12:49:57 IST" duration-ms="0" status="PASS">
          <reporter-output>
          </reporter-output>
        </test-method> <!-- configAS -->
      </class> <!-- com.comcast.crm.contacttest.CreateContactTest -->
    </test> <!-- Test -->
  </suite> <!-- Suite -->
</testng-results>
